<?xml version="1.0" encoding="UTF-8"?>
<testsuite xmlns:xsi="http://www.w3.org/2001/XMLSchema-instance" xsi:noNamespaceSchemaLocation="https://maven.apache.org/surefire/maven-surefire-plugin/xsd/surefire-test-report.xsd" version="3.0.2" name="com.sumativa2.UsuariosControllerTest" time="7.915" tests="6" errors="0" skipped="0" failures="0">
  <properties>
[...]
</properties>
  <testcase name="testPostForo_isOk" classname="com.sumativa2.UsuariosControllerTest" time="0.148">
    <system-out><![CDATA[15:19:24.091 [main] INFO org.springframework.test.context.support.AnnotationConfigContextLoaderUtils -- Could not detect default configuration classes for test class [com.sumativa2.UsuariosControllerTest]: UsuariosControllerTest does not declare any static, non-private, non-final, nested classes annotated with @Configuration.
15:19:24.269 [main] INFO org.springframework.boot.test.context.SpringBootTestContextBootstrapper -- Found @SpringBootConfiguration com.sumativa2.App for test class com.sumativa2.UsuariosControllerTest
15:19:24.427 [main] INFO org.springframework.boot.devtools.restart.RestartApplicationListener -- Restart disabled due to context in which it is running

  .   ____          _            __ _ _
 /\\ / ___'_ __ _ _(_)_ __  __ _ \ \ \ \
( ( )\___ | '_ | '_| | '_ \/ _` | \ \ \ \
 \\/  ___)| |_)| | | | | || (_| |  ) ) ) )
  '  |____| .__|_| |_|_| |_\__, | / / / /
 =========|_|==============|___/=/_/_/_/

 :: Spring Boot ::                (v3.4.3)

2025-05-11T15:19:24.675-04:00  INFO 52556 --- [           main] com.sumativa2.UsuariosControllerTest     : Starting UsuariosControllerTest using Java 21.0.4 with PID 52556 (started by NewLF in C:\Users\NewLF\Desktop\actividadSumativa2fullstacks3)
2025-05-11T15:19:24.676-04:00  INFO 52556 --- [           main] com.sumativa2.UsuariosControllerTest     : No active profile set, falling back to 1 default profile: "default"
2025-05-11T15:19:25.295-04:00  INFO 52556 --- [           main] .s.d.r.c.RepositoryConfigurationDelegate : Bootstrapping Spring Data JPA repositories in DEFAULT mode.
2025-05-11T15:19:25.338-04:00  INFO 52556 --- [           main] .s.d.r.c.RepositoryConfigurationDelegate : Finished Spring Data repository scanning in 35 ms. Found 2 JPA repository interfaces.
2025-05-11T15:19:26.994-04:00  INFO 52556 --- [           main] o.hibernate.jpa.internal.util.LogHelper  : HHH000204: Processing PersistenceUnitInfo [name: default]
2025-05-11T15:19:27.080-04:00  INFO 52556 --- [           main] org.hibernate.Version                    : HHH000412: Hibernate ORM core version 6.6.8.Final
2025-05-11T15:19:27.146-04:00  INFO 52556 --- [           main] o.h.c.internal.RegionFactoryInitiator    : HHH000026: Second-level cache disabled
2025-05-11T15:19:27.376-04:00  INFO 52556 --- [           main] o.s.o.j.p.SpringPersistenceUnitInfo      : No LoadTimeWeaver setup: ignoring JPA class transformer
2025-05-11T15:19:27.422-04:00  INFO 52556 --- [           main] com.zaxxer.hikari.HikariDataSource       : HikariPool-1 - Starting...
2025-05-11T15:19:28.995-04:00  INFO 52556 --- [           main] com.zaxxer.hikari.pool.HikariPool        : HikariPool-1 - Added connection oracle.jdbc.driver.T4CConnection@58b709c9
2025-05-11T15:19:28.996-04:00  INFO 52556 --- [           main] com.zaxxer.hikari.HikariDataSource       : HikariPool-1 - Start completed.
2025-05-11T15:19:29.298-04:00  WARN 52556 --- [           main] org.hibernate.orm.deprecation            : HHH90000025: OracleDialect does not need to be specified explicitly using 'hibernate.dialect' (remove the property setting and it will be selected by default)
2025-05-11T15:19:29.352-04:00  INFO 52556 --- [           main] org.hibernate.orm.connections.pooling    : HHH10001005: Database info:
	Database JDBC URL [Connecting through datasource 'HikariDataSource (HikariPool-1)']
	Database driver: undefined/unknown
	Database version: 19.27
	Autocommit mode: undefined/unknown
	Isolation level: undefined/unknown
	Minimum pool size: undefined/unknown
	Maximum pool size: undefined/unknown
2025-05-11T15:19:29.896-04:00  INFO 52556 --- [           main] o.h.m.i.EntityInstantiatorPojoStandard   : HHH000182: No default (no-argument) constructor for class: com.sumativa2.Model.Foro (class must be instantiated by Interceptor)
2025-05-11T15:19:30.082-04:00  INFO 52556 --- [           main] o.h.e.t.j.p.i.JtaPlatformInitiator       : HHH000489: No JTA platform available (set 'hibernate.transaction.jta.platform' to enable JTA platform integration)
2025-05-11T15:19:30.584-04:00  INFO 52556 --- [           main] j.LocalContainerEntityManagerFactoryBean : Initialized JPA EntityManagerFactory for persistence unit 'default'
2025-05-11T15:19:30.627-04:00  WARN 52556 --- [           main] JpaBaseConfiguration$JpaWebConfiguration : spring.jpa.open-in-view is enabled by default. Therefore, database queries may be performed during view rendering. Explicitly configure spring.jpa.open-in-view to disable this warning
2025-05-11T15:19:30.737-04:00  WARN 52556 --- [           main] .s.s.UserDetailsServiceAutoConfiguration : 

Using generated security password: a3af205e-1a7b-49dd-bd33-25a78413c360

This generated password is for development use only. Your security configuration must be updated before running your application in production.

2025-05-11T15:19:30.756-04:00  INFO 52556 --- [           main] r$InitializeUserDetailsManagerConfigurer : Global AuthenticationManager configured with UserDetailsService bean with name inMemoryUserDetailsManager
2025-05-11T15:19:31.538-04:00  INFO 52556 --- [           main] o.s.b.t.m.w.SpringBootMockServletContext : Initializing Spring TestDispatcherServlet ''
2025-05-11T15:19:31.539-04:00  INFO 52556 --- [           main] o.s.t.web.servlet.TestDispatcherServlet  : Initializing Servlet ''
2025-05-11T15:19:31.539-04:00  INFO 52556 --- [           main] o.s.t.web.servlet.TestDispatcherServlet  : Completed initialization in 0 ms
2025-05-11T15:19:31.561-04:00  INFO 52556 --- [           main] com.sumativa2.UsuariosControllerTest     : Started UsuariosControllerTest in 7.144 seconds (process running for 8.417)
]]></system-out>
    <system-err><![CDATA[Mockito is currently self-attaching to enable the inline-mock-maker. This will no longer work in future releases of the JDK. Please add Mockito as an agent to your build what is described in Mockito's documentation: https://javadoc.io/doc/org.mockito/mockito-core/latest/org/mockito/Mockito.html#0.3
WARNING: A Java agent has been loaded dynamically (C:\Users\NewLF\.m2\repository\net\bytebuddy\byte-buddy-agent\1.15.11\byte-buddy-agent-1.15.11.jar)
WARNING: If a serviceability tool is in use, please run with -XX:+EnableDynamicAgentLoading to hide this warning
WARNING: If a serviceability tool is not in use, please run with -Djdk.instrument.traceUsage for more information
WARNING: Dynamic loading of agents will be disallowed by default in a future release
]]></system-err>
  </testcase>
  <testcase name="testGetForo_isOk" classname="com.sumativa2.UsuariosControllerTest" time="0.011"/>
  <testcase name="testPostRegistro_isOk" classname="com.sumativa2.UsuariosControllerTest" time="0.015"/>
  <testcase name="testPostLogin_isUnauthorized" classname="com.sumativa2.UsuariosControllerTest" time="0.006"/>
  <testcase name="testGetUsuarios_isOk" classname="com.sumativa2.UsuariosControllerTest" time="0.016"/>
  <testcase name="testGetUsuarioPorId_isOk" classname="com.sumativa2.UsuariosControllerTest" time="0.007"/>
</testsuite>